C:\Users\usama\Source\Repos\treatwell\treatwell\frontend\dist\out-tsc\e2e\src\app.po.js
C:\Users\usama\Source\Repos\treatwell\treatwell\frontend\dist\out-tsc\e2e\src\app.po.js.map
C:\Users\usama\Source\Repos\treatwell\treatwell\frontend\dist\out-tsc\e2e\src\app.e2e-spec.js
C:\Users\usama\Source\Repos\treatwell\treatwell\frontend\dist\out-tsc\e2e\src\app.e2e-spec.js.map
C:\Users\usama\Source\Repos\treatwell\treatwell\frontend\dist\out-tsc\src\app\Weather.js
C:\Users\usama\Source\Repos\treatwell\treatwell\frontend\dist\out-tsc\src\app\Weather.js.map
C:\Users\usama\Source\Repos\treatwell\treatwell\frontend\dist\out-tsc\src\app\api.service.js
C:\Users\usama\Source\Repos\treatwell\treatwell\frontend\dist\out-tsc\src\app\api.service.js.map
C:\Users\usama\Source\Repos\treatwell\treatwell\frontend\dist\out-tsc\src\app\app.component.js
C:\Users\usama\Source\Repos\treatwell\treatwell\frontend\dist\out-tsc\src\app\app.component.js.map
C:\Users\usama\Source\Repos\treatwell\treatwell\frontend\dist\out-tsc\src\app\city.component.js
C:\Users\usama\Source\Repos\treatwell\treatwell\frontend\dist\out-tsc\src\app\city.component.js.map
C:\Users\usama\Source\Repos\treatwell\treatwell\frontend\dist\out-tsc\src\app\pic.component.js
C:\Users\usama\Source\Repos\treatwell\treatwell\frontend\dist\out-tsc\src\app\pic.component.js.map
C:\Users\usama\Source\Repos\treatwell\treatwell\frontend\dist\out-tsc\src\app\footer.component.js
C:\Users\usama\Source\Repos\treatwell\treatwell\frontend\dist\out-tsc\src\app\footer.component.js.map
C:\Users\usama\Source\Repos\treatwell\treatwell\frontend\dist\out-tsc\src\app\login.component.js
C:\Users\usama\Source\Repos\treatwell\treatwell\frontend\dist\out-tsc\src\app\login.component.js.map
C:\Users\usama\Source\Repos\treatwell\treatwell\frontend\dist\out-tsc\src\app\Signup.component.js
C:\Users\usama\Source\Repos\treatwell\treatwell\frontend\dist\out-tsc\src\app\Signup.component.js.map
C:\Users\usama\Source\Repos\treatwell\treatwell\frontend\dist\out-tsc\src\app\customerprofile.component.js
C:\Users\usama\Source\Repos\treatwell\treatwell\frontend\dist\out-tsc\src\app\customerprofile.component.js.map
C:\Users\usama\Source\Repos\treatwell\treatwell\frontend\dist\out-tsc\src\app\app.module.js
C:\Users\usama\Source\Repos\treatwell\treatwell\frontend\dist\out-tsc\src\app\app.module.js.map
C:\Users\usama\Source\Repos\treatwell\treatwell\frontend\dist\out-tsc\src\environments\environment.js
C:\Users\usama\Source\Repos\treatwell\treatwell\frontend\dist\out-tsc\src\environments\environment.js.map
C:\Users\usama\Source\Repos\treatwell\treatwell\frontend\dist\out-tsc\src\main.js
C:\Users\usama\Source\Repos\treatwell\treatwell\frontend\dist\out-tsc\src\main.js.map
C:\Users\usama\Source\Repos\treatwell\treatwell\frontend\dist\out-tsc\src\polyfills.js
C:\Users\usama\Source\Repos\treatwell\treatwell\frontend\dist\out-tsc\src\polyfills.js.map
C:\Users\usama\Source\Repos\treatwell\treatwell\frontend\dist\out-tsc\src\test.js
C:\Users\usama\Source\Repos\treatwell\treatwell\frontend\dist\out-tsc\src\test.js.map
C:\Users\usama\Source\Repos\treatwell\treatwell\frontend\dist\out-tsc\src\app\api.service.spec.js
C:\Users\usama\Source\Repos\treatwell\treatwell\frontend\dist\out-tsc\src\app\api.service.spec.js.map
C:\Users\usama\Source\Repos\treatwell\treatwell\frontend\dist\out-tsc\src\app\app.component.spec.js
C:\Users\usama\Source\Repos\treatwell\treatwell\frontend\dist\out-tsc\src\app\app.component.spec.js.map
C:\Users\usama\Source\Repos\treatwell\treatwell\frontend\dist\out-tsc\src\app\weather.spec.js
C:\Users\usama\Source\Repos\treatwell\treatwell\frontend\dist\out-tsc\src\app\weather.spec.js.map
C:\Users\usama\Source\Repos\treatwell\treatwell\frontend\dist\out-tsc\src\environments\environment.prod.js
C:\Users\usama\Source\Repos\treatwell\treatwell\frontend\dist\out-tsc\src\environments\environment.prod.js.map
